p/1629927562121.jpg 1 0 0 88 84
p/1629927555001.jpg 1 0 0 90 84
p/1629927548458.jpg 1 0 0 83 76
p/1629927539785.jpg 1 0 0 80 73
p/1629927531873.jpg 1 0 0 84 69
p/1629927525394.jpg 1 0 0 74 67
p/1629927513481.jpg 1 0 0 78 74
p/1629927506921.jpg 1 0 0 72 69
p/1629927501546.jpg 1 0 0 68 65
p/1629927495690.jpg 1 0 0 64 66
p/1629927489554.jpg 1 0 0 79 69
p/1629927483289.jpg 1 0 0 75 71
p/1629927476761.jpg 1 0 0 79 81
p/1629927467905.jpg 1 0 0 81 88
p/1629927462338.jpg 1 0 0 80 80
p/1629927455937.jpg 1 0 0 91 73
p/1629927439593.jpg 1 0 0 74 74
p/1629927422169.jpg 1 0 0 72 66
p/1629927415786.jpg 1 0 0 65 64
p/1629927408850.jpg 1 0 0 67 60
p/1629927394242.jpg 1 0 0 71 61
p/1629927387762.jpg 1 0 0 79 66
p/1629927371738.jpg 1 0 0 82 66
p/1629927362626.jpg 1 0 0 75 65
p/1629927337529.jpg 1 0 0 78 73
p/1629927330714.jpg 1 0 0 79 73
p/1629927314450.jpg 1 0 0 80 78
p/1629927304050.jpg 1 0 0 70 68
p/1629927295322.jpg 1 0 0 89 88
p/1629927285129.jpg 1 0 0 91 87
p/1629927274929.jpg 1 0 0 84 85
p/1629927265841.jpg 1 0 0 105 91
p/1629927251962.jpg 1 0 0 101 86
p/1629927238914.jpg 1 0 0 103 87
p/1629927218857.jpg 1 0 0 91 86
p/1629927206138.jpg 1 0 0 86 83
p/1629927194505.jpg 1 0 0 89 83
p/1629927178466.jpg 1 0 0 87 82
p/1629927161058.jpg 1 0 0 69 66
p/1629927146001.jpg 1 0 0 65 65
p/1629927136490.jpg 1 0 0 72 66
p/1629927124854.jpg 1 0 0 78 71