p/1630183575158.jpg 1 0 0 343 343
p/1630183568653.jpg 1 0 0 320 320
p/1630183563534.jpg 1 0 0 308 308
p/1630183556958.jpg 1 0 0 292 292
p/1630183551117.jpg 1 0 0 281 281
p/1630183546294.jpg 1 0 0 292 292
p/1630183541582.jpg 1 0 0 240 240
p/1630183536157.jpg 1 0 0 324 324
p/1630183531966.jpg 1 0 0 322 322
p/1630183527335.jpg 1 0 0 324 324
p/1630183522957.jpg 1 0 0 312 312
p/1630183518694.jpg 1 0 0 290 290
p/1630183504645.jpg 1 0 0 283 283
p/1630183496677.jpg 1 0 0 281 281
p/1630183489349.jpg 1 0 0 279 279
p/1630183481437.jpg 1 0 0 242 242
p/1630183469630.jpg 1 0 0 253 253
p/1630183464917.jpg 1 0 0 214 214
p/1630183459710.jpg 1 0 0 240 240
p/1630183455742.jpg 1 0 0 218 218
p/1630183448630.jpg 1 0 0 198 198
p/1630183443437.jpg 1 0 0 172 172
p/1630183439550.jpg 1 0 0 158 158
p/1630183430429.jpg 1 0 0 158 158
p/1630183424742.jpg 1 0 0 163 163
p/1630183414159.jpg 1 0 0 209 209
p/1630183406957.jpg 1 0 0 228 228
p/1630183399653.jpg 1 0 0 235 235
p/1630183392734.jpg 1 0 0 168 168
p/1630183386374.jpg 1 0 0 210 210
p/1630183379077.jpg 1 0 0 190 190
p/1630183362925.jpg 1 0 0 132 132
p/1630183355990.jpg 1 0 0 133 133
p/1630183344101.jpg 1 0 0 147 147
p/1630183338790.jpg 1 0 0 161 161
p/1630183332366.jpg 1 0 0 204 204
p/1630183303661.jpg 1 0 0 209 209
p/1630183294390.jpg 1 0 0 259 259
p/1630183286653.jpg 1 0 0 294 294
p/1630183278005.jpg 1 0 0 324 324
p/1630183256902.jpg 1 0 0 142 142
p/1630183213454.jpg 1 0 0 33 33